2017-09-28 13:35:28,488 ERROR SNAFU failed with Python error: [Errno 2] No such file or directory: '/../snet/USF_animal_subset.snet'
2017-09-28 13:38:28,640 ERROR SNAFU failed with Python error: No JSON object could be decoded
2017-09-28 13:38:41,656 ERROR SNAFU failed with Python error: 'numpy.float64' object is not iterable
2017-09-28 13:43:25,064 ERROR SNAFU failed with Python error: 'numpy.float64' object is not iterable
2017-09-28 13:43:53,640 ERROR SNAFU failed with Python error: 'numpy.float64' object is not iterable
2017-09-28 13:45:56,540 ERROR SNAFU failed with Python error: No JSON object could be decoded
2017-09-28 13:46:57,927 ERROR JSON No JSON object could be decoded
2017-09-28 14:50:46,303 ERROR JSON No JSON object could be decoded
2017-09-28 14:51:34,325 ERROR JSON No JSON object could be decoded
2017-09-28 14:52:34,539 ERROR JSON No JSON object could be decoded
2017-09-28 14:53:17,874 ERROR JSON No JSON object could be decoded
2017-09-28 14:53:45,212 ERROR JSON No JSON object could be decoded
2017-09-28 14:53:56,117 ERROR JSON No JSON object could be decoded
2017-09-28 14:54:44,235 ERROR JSON No JSON object could be decoded
2017-09-28 14:56:17,494 ERROR JSON No JSON object could be decoded
2017-09-28 15:01:06,216 ERROR JSON No JSON object could be decoded
2017-09-28 15:29:14,472 ERROR JSON No JSON object could be decoded
2017-09-28 15:30:11,721 ERROR JSON No JSON object could be decoded
2017-09-28 15:31:49,093 ERROR JSON No JSON object could be decoded
2017-09-28 15:32:21,884 ERROR JSON No JSON object could be decoded
2017-09-28 15:32:35,996 ERROR UNKNOWN unsupported operand type(s) for -: 'int' and 'unicode'
2017-09-28 15:36:45,759 ERROR JSON No JSON object could be decoded
2017-09-28 15:37:08,175 ERROR UNKNOWN unsupported operand type(s) for -: 'int' and 'unicode'
2017-09-28 15:37:14,049 ERROR UNKNOWN coercing to Unicode: need string or buffer, int found
2017-09-28 15:38:04,891 ERROR JSON No JSON object could be decoded
2017-09-28 15:38:19,297 ERROR UNKNOWN unsupported operand type(s) for -: 'int' and 'unicode'
2017-09-28 15:40:25,035 ERROR JSON No JSON object could be decoded
2017-09-28 15:43:05,154 ERROR JSON No JSON object could be decoded
2017-09-28 15:50:01,050 ERROR JSON No JSON object could be decoded
2017-09-28 15:53:41,989 ERROR JSON No JSON object could be decoded
2017-09-28 16:01:04,118 ERROR JSON No JSON object could be decoded
2017-09-28 16:05:27,555 ERROR JSON No JSON object could be decoded
2017-09-28 16:06:08,944 ERROR JSON No JSON object could be decoded
2017-09-28 16:06:47,344 ERROR JSON No JSON object could be decoded
2017-09-28 16:08:22,484 ERROR JSON No JSON object could be decoded
2017-09-28 16:10:40,452 ERROR JSON No JSON object could be decoded
2017-09-28 16:11:31,076 ERROR JSON No JSON object could be decoded
2017-09-28 16:12:20,220 ERROR JSON No JSON object could be decoded
2017-09-28 16:13:12,692 ERROR JSON No JSON object could be decoded
2017-09-28 16:15:50,397 ERROR JSON No JSON object could be decoded
2017-09-28 16:22:54,744 ERROR JSON No JSON object could be decoded
2017-09-28 16:23:39,619 ERROR JSON No JSON object could be decoded
2017-09-28 16:24:30,323 ERROR JSON No JSON object could be decoded
2017-09-29 12:55:58,576 ERROR JSON No JSON object could be decoded
2017-09-29 13:05:25,430 ERROR JSON No JSON object could be decoded
2017-09-29 13:06:21,412 ERROR JSON No JSON object could be decoded
2017-10-02 11:22:31,559 ERROR JSON No JSON object could be decoded
2017-10-03 12:55:28,677 ERROR JSON No JSON object could be decoded
2017-10-03 12:55:56,179 ERROR JSON No JSON object could be decoded
2017-10-03 12:56:40,174 ERROR JSON No JSON object could be decoded
2017-10-03 12:56:45,814 ERROR JSON No JSON object could be decoded
2017-10-03 12:57:01,168 ERROR JSON No JSON object could be decoded
2017-10-03 12:57:18,849 ERROR JSON No JSON object could be decoded
2017-10-03 12:57:39,330 ERROR JSON No JSON object could be decoded
2017-10-03 12:58:34,333 ERROR JSON No JSON object could be decoded
2017-10-03 13:00:03,002 ERROR JSON No JSON object could be decoded
2017-10-03 13:01:52,050 ERROR JSON No JSON object could be decoded
2017-10-03 13:02:16,368 ERROR JSON No JSON object could be decoded
2017-10-03 13:03:06,638 ERROR JSON No JSON object could be decoded
2017-10-03 13:04:03,407 ERROR JSON No JSON object could be decoded
2017-10-03 13:05:27,046 ERROR JSON No JSON object could be decoded
2017-10-03 13:15:11,448 ERROR JSON No JSON object could be decoded
2017-10-03 13:16:04,169 ERROR JSON No JSON object could be decoded
2017-10-03 13:16:27,937 ERROR JSON No JSON object could be decoded
2017-10-03 13:17:43,303 ERROR JSON No JSON object could be decoded
2017-10-03 13:18:41,376 ERROR JSON No JSON object could be decoded
2017-10-03 13:18:55,614 ERROR JSON No JSON object could be decoded
2017-10-03 13:19:27,325 ERROR JSON No JSON object could be decoded
2017-10-03 13:19:43,415 ERROR JSON No JSON object could be decoded
2017-10-03 13:19:50,420 ERROR JSON No JSON object could be decoded
2017-10-03 13:19:59,810 ERROR JSON No JSON object could be decoded
2017-10-03 13:21:24,500 ERROR JSON No JSON object could be decoded
2017-10-03 13:22:07,905 ERROR JSON No JSON object could be decoded
2017-10-03 13:23:40,762 ERROR JSON No JSON object could be decoded
2017-10-03 13:24:10,589 ERROR JSON No JSON object could be decoded
2017-10-03 13:24:18,003 ERROR JSON No JSON object could be decoded
2017-10-03 13:25:15,748 ERROR JSON No JSON object could be decoded
2017-10-03 13:26:01,274 ERROR JSON No JSON object could be decoded
2017-10-03 13:26:10,977 ERROR JSON No JSON object could be decoded
2017-10-03 13:26:32,033 ERROR JSON No JSON object could be decoded
2017-10-03 13:31:36,933 ERROR JSON No JSON object could be decoded
2017-10-03 13:33:03,200 ERROR JSON No JSON object could be decoded
2017-10-03 13:36:42,336 ERROR JSON No JSON object could be decoded
2017-10-03 13:37:02,907 ERROR JSON No JSON object could be decoded
2017-10-03 13:40:49,702 ERROR JSON No JSON object could be decoded
2017-10-03 13:41:52,727 ERROR JSON No JSON object could be decoded
2017-10-03 13:42:26,748 ERROR JSON No JSON object could be decoded
2017-10-03 13:42:32,403 ERROR JSON No JSON object could be decoded
2017-10-03 13:44:33,651 ERROR JSON No JSON object could be decoded
2017-10-03 13:44:38,143 ERROR JSON No JSON object could be decoded
2017-10-03 13:50:30,913 ERROR JSON No JSON object could be decoded
2017-10-03 13:51:11,202 ERROR JSON No JSON object could be decoded
2017-10-03 13:51:39,902 ERROR JSON No JSON object could be decoded
2017-10-03 13:52:06,086 ERROR JSON No JSON object could be decoded
2017-10-03 13:52:40,632 ERROR JSON No JSON object could be decoded
2017-10-03 13:52:49,987 ERROR JSON No JSON object could be decoded
2017-10-03 13:53:12,207 ERROR JSON No JSON object could be decoded
2017-10-03 13:53:25,020 ERROR JSON No JSON object could be decoded
2017-10-03 13:53:30,526 ERROR JSON No JSON object could be decoded
2017-10-03 13:54:11,718 ERROR JSON No JSON object could be decoded
2017-10-03 13:55:03,076 ERROR JSON No JSON object could be decoded
2017-10-04 12:27:16,231 ERROR JSON No JSON object could be decoded
2017-10-23 11:00:07,996 ERROR JSON No JSON object could be decoded
2017-10-23 11:00:55,546 ERROR JSON No JSON object could be decoded
2017-10-23 11:01:29,354 ERROR JSON No JSON object could be decoded
2017-10-23 11:02:24,422 ERROR JSON No JSON object could be decoded
2017-10-23 11:02:42,045 ERROR JSON No JSON object could be decoded
2017-10-23 11:05:20,799 ERROR JSON No JSON object could be decoded
2017-10-23 11:06:31,221 ERROR JSON No JSON object could be decoded
2017-10-23 11:09:21,098 ERROR JSON No JSON object could be decoded
2017-10-23 11:10:45,974 ERROR JSON No JSON object could be decoded
